-encoding
UTF-8
-outxml
-source
1.6
-target
1.6
-classpath
/home/pszanto/.m2/repository/antlr/antlr/2.7.6/antlr-2.7.6.jar:/home/pszanto/.m2/repository/aopalliance/aopalliance/1.0/aopalliance-1.0.jar:/home/pszanto/.m2/repository/cglib/cglib-nodep/2.2.2/cglib-nodep-2.2.2.jar:/home/pszanto/.m2/repository/com/vaadin/com.vaadin.spring.roo.annotations/1.1.1/com.vaadin.spring.roo.annotations-1.1.1.jar:/home/pszanto/.m2/repository/com/vaadin/vaadin/6.7.6/vaadin-6.7.6.jar:/home/pszanto/.m2/repository/com/vaadin/addon/beanvalidation-addon/1.0.0/beanvalidation-addon-1.0.0.jar:/home/pszanto/.m2/repository/commons-codec/commons-codec/1.6/commons-codec-1.6.jar:/home/pszanto/.m2/repository/commons-collections/commons-collections/3.2.1/commons-collections-3.2.1.jar:/home/pszanto/.m2/repository/commons-dbcp/commons-dbcp/1.3/commons-dbcp-1.3.jar:/home/pszanto/.m2/repository/commons-io/commons-io/2.1/commons-io-2.1.jar:/home/pszanto/.m2/repository/commons-pool/commons-pool/1.5.6/commons-pool-1.5.6.jar:/home/pszanto/.m2/repository/dom4j/dom4j/1.6.1/dom4j-1.6.1.jar:/home/pszanto/.m2/repository/javassist/javassist/3.12.0.GA/javassist-3.12.0.GA.jar:/home/pszanto/.m2/repository/javax/servlet/servlet-api/2.5/servlet-api-2.5.jar:/home/pszanto/.m2/repository/javax/transaction/jta/1.1/jta-1.1.jar:/home/pszanto/.m2/repository/javax/validation/validation-api/1.0.0.GA/validation-api-1.0.0.GA.jar:/home/pszanto/.m2/repository/log4j/log4j/1.2.16/log4j-1.2.16.jar:/home/pszanto/.m2/repository/net/sf/flexjson/flexjson/2.1/flexjson-2.1.jar:/home/pszanto/.m2/repository/org/apache/commons/commons-lang3/3.0/commons-lang3-3.0.jar:/home/pszanto/.m2/repository/org/aspectj/aspectjrt/1.6.11/aspectjrt-1.6.11.jar:/home/pszanto/.m2/repository/org/aspectj/aspectjweaver/1.6.11/aspectjweaver-1.6.11.jar:/home/pszanto/.m2/repository/org/hibernate/hibernate-commons-annotations/3.2.0.Final/hibernate-commons-annotations-3.2.0.Final.jar:/home/pszanto/.m2/repository/org/hibernate/hibernate-core/3.6.9.Final/hibernate-core-3.6.9.Final.jar:/home/pszanto/.m2/repository/org/hibernate/hibernate-entitymanager/3.6.9.Final/hibernate-entitymanager-3.6.9.Final.jar:/home/pszanto/.m2/repository/org/hibernate/hibernate-validator/4.2.0.Final/hibernate-validator-4.2.0.Final.jar:/home/pszanto/.m2/repository/org/hibernate/javax/persistence/hibernate-jpa-2.0-api/1.0.1.Final/hibernate-jpa-2.0-api-1.0.1.Final.jar:/home/pszanto/.m2/repository/org/hsqldb/hsqldb/1.8.0.10/hsqldb-1.8.0.10.jar:/home/pszanto/.m2/repository/org/slf4j/jcl-over-slf4j/1.6.1/jcl-over-slf4j-1.6.1.jar:/home/pszanto/.m2/repository/org/slf4j/slf4j-api/1.6.1/slf4j-api-1.6.1.jar:/home/pszanto/.m2/repository/org/slf4j/slf4j-log4j12/1.6.1/slf4j-log4j12-1.6.1.jar:/home/pszanto/.m2/repository/org/springframework/spring-aop/3.1.0.RELEASE/spring-aop-3.1.0.RELEASE.jar:/home/pszanto/.m2/repository/org/springframework/spring-asm/3.1.0.RELEASE/spring-asm-3.1.0.RELEASE.jar:/home/pszanto/.m2/repository/org/springframework/spring-aspects/3.1.0.RELEASE/spring-aspects-3.1.0.RELEASE.jar:/home/pszanto/.m2/repository/org/springframework/spring-beans/3.1.0.RELEASE/spring-beans-3.1.0.RELEASE.jar:/home/pszanto/.m2/repository/org/springframework/spring-context/3.1.0.RELEASE/spring-context-3.1.0.RELEASE.jar:/home/pszanto/.m2/repository/org/springframework/spring-context-support/3.1.0.RELEASE/spring-context-support-3.1.0.RELEASE.jar:/home/pszanto/.m2/repository/org/springframework/spring-core/3.1.0.RELEASE/spring-core-3.1.0.RELEASE.jar:/home/pszanto/.m2/repository/org/springframework/spring-expression/3.1.0.RELEASE/spring-expression-3.1.0.RELEASE.jar:/home/pszanto/.m2/repository/org/springframework/spring-jdbc/3.1.0.RELEASE/spring-jdbc-3.1.0.RELEASE.jar:/home/pszanto/.m2/repository/org/springframework/spring-orm/3.1.0.RELEASE/spring-orm-3.1.0.RELEASE.jar:/home/pszanto/.m2/repository/org/springframework/spring-tx/3.1.0.RELEASE/spring-tx-3.1.0.RELEASE.jar:/home/pszanto/.m2/repository/org/springframework/spring-web/3.1.0.RELEASE/spring-web-3.1.0.RELEASE.jar:/home/pszanto/.m2/repository/org/springframework/roo/org.springframework.roo.annotations/1.2.2.RELEASE/org.springframework.roo.annotations-1.2.2.RELEASE.jar:/home/pszanto/.m2/repository/org/vaadin/addons/customfield/0.9.4/customfield-0.9.4.jar:/home/pszanto/.m2/repository/org/vaadin/addons/navigator/0.3/navigator-0.3.jar:/opt/dev/vaadin-roo-example/target/classes
-aspectpath
/home/pszanto/.m2/repository/org/springframework/spring-aspects/3.1.0.RELEASE/spring-aspects-3.1.0.RELEASE.jar
-d
/opt/dev/vaadin-roo-example/target/classes
/opt/dev/vaadin-roo-example/src/main/java/org/szanto/web/EntityTableColumnGenerator.java
/opt/dev/vaadin-roo-example/src/main/java/org/szanto/web/ui/ToppingView_Roo_VaadinEntityView.aj
/opt/dev/vaadin-roo-example/src/main/java/org/szanto/domain/Pizza.java
/opt/dev/vaadin-roo-example/src/main/java/org/szanto/domain/Pizza_Roo_Jpa_ActiveRecord.aj
/opt/dev/vaadin-roo-example/src/main/java/org/szanto/web/ui/BaseForm.java
/opt/dev/vaadin-roo-example/src/main/java/org/szanto/domain/Topping_Roo_ToString.aj
/opt/dev/vaadin-roo-example/src/main/java/org/szanto/domain/PizzaOrder_Roo_Jpa_ActiveRecord.aj
/opt/dev/vaadin-roo-example/src/main/java/org/szanto/web/AbstractEntityView.java
/opt/dev/vaadin-roo-example/src/main/java/org/szanto/web/PizzaShopEntityManagerView_Roo_VaadinEntityManagerView.aj
/opt/dev/vaadin-roo-example/src/main/java/org/szanto/web/ui/PizzaOrderView_Roo_VaadinEntityView.aj
/opt/dev/vaadin-roo-example/src/main/java/org/szanto/domain/Topping.java
/opt/dev/vaadin-roo-example/src/main/java/org/szanto/web/ui/PizzaForm.java
/opt/dev/vaadin-roo-example/src/main/java/org/szanto/domain/Topping_Roo_Jpa_ActiveRecord.aj
/opt/dev/vaadin-roo-example/src/main/java/org/szanto/web/ui/ToppingForm.java
/opt/dev/vaadin-roo-example/src/main/java/org/szanto/web/ui/PizzaOrderView.java
/opt/dev/vaadin-roo-example/src/main/java/org/szanto/web/ui/PizzaOrderForm.java
/opt/dev/vaadin-roo-example/src/main/java/org/szanto/domain/PizzaOrder_Roo_JavaBean.aj
/opt/dev/vaadin-roo-example/src/main/java/org/szanto/domain/PizzaOrder_Roo_ToString.aj
/opt/dev/vaadin-roo-example/src/main/java/org/szanto/domain/Topping_Roo_Jpa_Entity.aj
/opt/dev/vaadin-roo-example/src/main/java/org/szanto/domain/Pizza_Roo_Configurable.aj
/opt/dev/vaadin-roo-example/src/main/java/org/szanto/web/EntityEditor.java
/opt/dev/vaadin-roo-example/src/main/java/org/szanto/web/ui/PizzaOrderForm_Roo_VaadinVisuallyComposableEntityForm.aj
/opt/dev/vaadin-roo-example/src/main/java/org/szanto/web/PizzaShopEntityManagerView.java
/opt/dev/vaadin-roo-example/src/main/java/org/szanto/domain/Base_Roo_Jpa_Entity.aj
/opt/dev/vaadin-roo-example/src/main/java/org/szanto/domain/Base_Roo_JavaBean.aj
/opt/dev/vaadin-roo-example/src/main/java/org/szanto/web/PizzaShopWindow.java
/opt/dev/vaadin-roo-example/src/main/java/org/szanto/domain/Topping_Roo_JavaBean.aj
/opt/dev/vaadin-roo-example/src/main/java/org/szanto/domain/Pizza_Roo_ToString.aj
/opt/dev/vaadin-roo-example/src/main/java/org/szanto/web/AbstractEntityView_Roo_AbstractEntityView.aj
/opt/dev/vaadin-roo-example/src/main/java/org/szanto/web/ui/PizzaView.java
/opt/dev/vaadin-roo-example/src/main/java/org/szanto/domain/Base_Roo_Jpa_ActiveRecord.aj
/opt/dev/vaadin-roo-example/src/main/java/org/szanto/domain/Pizza_Roo_Jpa_Entity.aj
/opt/dev/vaadin-roo-example/src/main/java/org/szanto/domain/PizzaOrder_Roo_Configurable.aj
/opt/dev/vaadin-roo-example/src/main/java/org/szanto/domain/Base.java
/opt/dev/vaadin-roo-example/src/main/java/org/szanto/web/AutomaticEntityForm.java
/opt/dev/vaadin-roo-example/src/main/java/org/szanto/web/ui/BaseForm_Roo_VaadinVisuallyComposableEntityForm.aj
/opt/dev/vaadin-roo-example/src/main/java/org/szanto/web/ui/PizzaForm_Roo_VaadinVisuallyComposableEntityForm.aj
/opt/dev/vaadin-roo-example/src/main/java/org/szanto/web/ui/PizzaView_Roo_VaadinEntityView.aj
/opt/dev/vaadin-roo-example/src/main/java/org/szanto/domain/Base_Roo_Configurable.aj
/opt/dev/vaadin-roo-example/src/main/java/org/szanto/domain/Base_Roo_ToString.aj
/opt/dev/vaadin-roo-example/src/main/java/org/szanto/domain/Pizza_Roo_JavaBean.aj
/opt/dev/vaadin-roo-example/src/main/java/org/szanto/web/ui/ToppingView.java
/opt/dev/vaadin-roo-example/src/main/java/org/szanto/web/PizzaShopApplication.java
/opt/dev/vaadin-roo-example/src/main/java/org/szanto/domain/PizzaOrder.java
/opt/dev/vaadin-roo-example/src/main/java/org/szanto/web/ui/BaseView_Roo_VaadinEntityView.aj
/opt/dev/vaadin-roo-example/src/main/java/org/szanto/web/ui/ToppingForm_Roo_VaadinVisuallyComposableEntityForm.aj
/opt/dev/vaadin-roo-example/src/main/java/org/szanto/domain/Topping_Roo_Configurable.aj
/opt/dev/vaadin-roo-example/src/main/java/org/szanto/domain/PizzaOrder_Roo_Jpa_Entity.aj
/opt/dev/vaadin-roo-example/src/main/java/org/szanto/web/ui/BaseView.java
